Performing C SOURCE FILE Test CMAKE_HAVE_LIBC_PTHREAD failed with the following output:
Change Dir: /home/taport/xrfoauth/xrfserver/src/build/CMakeFiles/CMakeTmp

Run Build Command(s):/usr/bin/make -f Makefile cmTC_f203e/fast && /usr/bin/make  -f CMakeFiles/cmTC_f203e.dir/build.make CMakeFiles/cmTC_f203e.dir/build
make[1]: Entering directory '/home/taport/xrfoauth/xrfserver/src/build/CMakeFiles/CMakeTmp'
Building C object CMakeFiles/cmTC_f203e.dir/src.c.o
/usr/bin/cc -DCMAKE_HAVE_LIBC_PTHREAD   -o CMakeFiles/cmTC_f203e.dir/src.c.o -c /home/taport/xrfoauth/xrfserver/src/build/CMakeFiles/CMakeTmp/src.c
Linking C executable cmTC_f203e
/usr/bin/cmake -E cmake_link_script CMakeFiles/cmTC_f203e.dir/link.txt --verbose=1
/usr/bin/cc CMakeFiles/cmTC_f203e.dir/src.c.o -o cmTC_f203e 
/usr/bin/ld: CMakeFiles/cmTC_f203e.dir/src.c.o: in function `main':
src.c:(.text+0x46): undefined reference to `pthread_create'
/usr/bin/ld: src.c:(.text+0x52): undefined reference to `pthread_detach'
/usr/bin/ld: src.c:(.text+0x5e): undefined reference to `pthread_cancel'
/usr/bin/ld: src.c:(.text+0x6f): undefined reference to `pthread_join'
collect2: error: ld returned 1 exit status
make[1]: *** [CMakeFiles/cmTC_f203e.dir/build.make:99: cmTC_f203e] Error 1
make[1]: Leaving directory '/home/taport/xrfoauth/xrfserver/src/build/CMakeFiles/CMakeTmp'
make: *** [Makefile:127: cmTC_f203e/fast] Error 2


Source file was:
#include <pthread.h>

static void* test_func(void* data)
{
  return data;
}

int main(void)
{
  pthread_t thread;
  pthread_create(&thread, NULL, test_func, NULL);
  pthread_detach(thread);
  pthread_cancel(thread);
  pthread_join(thread, NULL);
  pthread_atfork(NULL, NULL, NULL);
  pthread_exit(NULL);

  return 0;
}

Determining if the function pthread_create exists in the pthreads failed with the following output:
Change Dir: /home/taport/xrfoauth/xrfserver/src/build/CMakeFiles/CMakeTmp

Run Build Command(s):/usr/bin/make -f Makefile cmTC_d7c3e/fast && /usr/bin/make  -f CMakeFiles/cmTC_d7c3e.dir/build.make CMakeFiles/cmTC_d7c3e.dir/build
make[1]: Entering directory '/home/taport/xrfoauth/xrfserver/src/build/CMakeFiles/CMakeTmp'
Building C object CMakeFiles/cmTC_d7c3e.dir/CheckFunctionExists.c.o
/usr/bin/cc   -DCHECK_FUNCTION_EXISTS=pthread_create -o CMakeFiles/cmTC_d7c3e.dir/CheckFunctionExists.c.o -c /usr/share/cmake-3.23/Modules/CheckFunctionExists.c
Linking C executable cmTC_d7c3e
/usr/bin/cmake -E cmake_link_script CMakeFiles/cmTC_d7c3e.dir/link.txt --verbose=1
/usr/bin/cc  -DCHECK_FUNCTION_EXISTS=pthread_create CMakeFiles/cmTC_d7c3e.dir/CheckFunctionExists.c.o -o cmTC_d7c3e  -lpthreads 
/usr/bin/ld: cannot find -lpthreads
collect2: error: ld returned 1 exit status
make[1]: *** [CMakeFiles/cmTC_d7c3e.dir/build.make:99: cmTC_d7c3e] Error 1
make[1]: Leaving directory '/home/taport/xrfoauth/xrfserver/src/build/CMakeFiles/CMakeTmp'
make: *** [Makefile:127: cmTC_d7c3e/fast] Error 2



