Performing C SOURCE FILE Test CMAKE_HAVE_LIBC_PTHREAD failed with the following output:
Change Dir: /home/tahome/Documents/xrfoauth/src/build/CMakeFiles/CMakeTmp

Run Build Command(s):/usr/bin/make -f Makefile cmTC_a1ef8/fast && /usr/bin/make  -f CMakeFiles/cmTC_a1ef8.dir/build.make CMakeFiles/cmTC_a1ef8.dir/build
make[1]: Entering directory '/home/tahome/Documents/xrfoauth/src/build/CMakeFiles/CMakeTmp'
Building C object CMakeFiles/cmTC_a1ef8.dir/src.c.o
/usr/bin/cc -DCMAKE_HAVE_LIBC_PTHREAD   -o CMakeFiles/cmTC_a1ef8.dir/src.c.o -c /home/tahome/Documents/xrfoauth/src/build/CMakeFiles/CMakeTmp/src.c
Linking C executable cmTC_a1ef8
/usr/local/lib/python3.6/dist-packages/cmake/data/bin/cmake -E cmake_link_script CMakeFiles/cmTC_a1ef8.dir/link.txt --verbose=1
/usr/bin/cc CMakeFiles/cmTC_a1ef8.dir/src.c.o -o cmTC_a1ef8 
CMakeFiles/cmTC_a1ef8.dir/src.c.o: In function `main':
src.c:(.text+0x3e): undefined reference to `pthread_create'
src.c:(.text+0x4a): undefined reference to `pthread_detach'
src.c:(.text+0x56): undefined reference to `pthread_cancel'
src.c:(.text+0x67): undefined reference to `pthread_join'
src.c:(.text+0x7b): undefined reference to `pthread_atfork'
collect2: error: ld returned 1 exit status
CMakeFiles/cmTC_a1ef8.dir/build.make:98: recipe for target 'cmTC_a1ef8' failed
make[1]: *** [cmTC_a1ef8] Error 1
make[1]: Leaving directory '/home/tahome/Documents/xrfoauth/src/build/CMakeFiles/CMakeTmp'
Makefile:127: recipe for target 'cmTC_a1ef8/fast' failed
make: *** [cmTC_a1ef8/fast] Error 2


Source file was:
#include <pthread.h>

static void* test_func(void* data)
{
  return data;
}

int main(void)
{
  pthread_t thread;
  pthread_create(&thread, NULL, test_func, NULL);
  pthread_detach(thread);
  pthread_cancel(thread);
  pthread_join(thread, NULL);
  pthread_atfork(NULL, NULL, NULL);
  pthread_exit(NULL);

  return 0;
}

Determining if the function pthread_create exists in the pthreads failed with the following output:
Change Dir: /home/tahome/Documents/xrfoauth/src/build/CMakeFiles/CMakeTmp

Run Build Command(s):/usr/bin/make -f Makefile cmTC_58a43/fast && /usr/bin/make  -f CMakeFiles/cmTC_58a43.dir/build.make CMakeFiles/cmTC_58a43.dir/build
make[1]: Entering directory '/home/tahome/Documents/xrfoauth/src/build/CMakeFiles/CMakeTmp'
Building C object CMakeFiles/cmTC_58a43.dir/CheckFunctionExists.c.o
/usr/bin/cc   -DCHECK_FUNCTION_EXISTS=pthread_create -o CMakeFiles/cmTC_58a43.dir/CheckFunctionExists.c.o -c /usr/local/lib/python3.6/dist-packages/cmake/data/share/cmake-3.22/Modules/CheckFunctionExists.c
Linking C executable cmTC_58a43
/usr/local/lib/python3.6/dist-packages/cmake/data/bin/cmake -E cmake_link_script CMakeFiles/cmTC_58a43.dir/link.txt --verbose=1
/usr/bin/cc  -DCHECK_FUNCTION_EXISTS=pthread_create CMakeFiles/cmTC_58a43.dir/CheckFunctionExists.c.o -o cmTC_58a43  -lpthreads 
/usr/bin/ld: cannot find -lpthreads
collect2: error: ld returned 1 exit status
CMakeFiles/cmTC_58a43.dir/build.make:98: recipe for target 'cmTC_58a43' failed
make[1]: *** [cmTC_58a43] Error 1
make[1]: Leaving directory '/home/tahome/Documents/xrfoauth/src/build/CMakeFiles/CMakeTmp'
Makefile:127: recipe for target 'cmTC_58a43/fast' failed
make: *** [cmTC_58a43/fast] Error 2



